
> @defai/element-cli@1.0.0 build
> tsc

src/commands/build.ts(4,38): error TS7016: Could not find a declaration file for module 'webpack-bundle-analyzer'. '/Users/futjr/defai/element-sdk/node_modules/webpack-bundle-analyzer/lib/index.js' implicitly has an 'any' type.
  Try `npm i --save-dev @types/webpack-bundle-analyzer` if it exists or add a new declaration (.d.ts) file containing `declare module 'webpack-bundle-analyzer';`
src/commands/build.ts(42,9): error TS18047: 'compiler' is possibly 'null'.
src/commands/dev.ts(53,60): error TS2345: Argument of type 'Compiler | null' is not assignable to parameter of type 'Compiler | Configuration | MultiCompiler'.
  Type 'null' is not assignable to type 'Compiler | Configuration | MultiCompiler'.
npm error Lifecycle script `build` failed with error:
npm error code 2
npm error path /Users/futjr/defai/element-sdk/cli
npm error workspace @defai/element-cli@1.0.0
npm error location /Users/futjr/defai/element-sdk/cli
npm error command failed
npm error command sh -c tsc
