
> @defai/widget-validator@1.0.0 build
> tsc

../../src/client/index.ts(3,17): error TS2307: Cannot find module '../../target/idl/defai_swap.json' or its corresponding type declarations.
../../src/client/index.ts(3,52): error TS2821: Import assertions are only supported when the '--module' option is set to 'esnext', 'node18', 'nodenext', or 'preserve'.
../../tests/05_tax_management.ts(3,27): error TS2307: Cannot find module '../target/types/defai_swap' or its corresponding type declarations.
../../tests/06_admin_controls.ts(3,27): error TS2307: Cannot find module '../target/types/defai_swap' or its corresponding type declarations.
../../tests/07_vesting_acceleration.ts(3,27): error TS2307: Cannot find module '../target/types/defai_swap' or its corresponding type declarations.
../../tests/08_nft_burn.ts(3,27): error TS2307: Cannot find module '../target/types/defai_swap' or its corresponding type declarations.
../../tests/09_p2p_marketplace.ts(3,27): error TS2307: Cannot find module '../target/types/defai_swap' or its corresponding type declarations.
../../tests/10_referral_system.ts(3,27): error TS2307: Cannot find module '../target/types/defai_swap' or its corresponding type declarations.
../../tests/11_batch_operations.ts(3,27): error TS2307: Cannot find module '../target/types/defai_swap' or its corresponding type declarations.
../../tests/12_v2_integration.ts(3,27): error TS2307: Cannot find module '../target/types/defai_swap' or its corresponding type declarations.
../../tests/13_diagnostic_swap.ts(297,41): error TS2339: Property 'admin' does not exist on type 'unknown'.
../../tests/13_diagnostic_swap.ts(298,44): error TS2339: Property 'oldMint' does not exist on type 'unknown'.
../../tests/13_diagnostic_swap.ts(299,44): error TS2339: Property 'newMint' does not exist on type 'unknown'.
../../tests/13_diagnostic_swap.ts(300,44): error TS2339: Property 'treasury' does not exist on type 'unknown'.
../../tests/13_diagnostic_swap.ts(301,42): error TS2339: Property 'paused' does not exist on type 'unknown'.
../../tests/13_diagnostic_swap.ts(302,42): error TS2339: Property 'prices' does not exist on type 'unknown'.
../../tests/13_diagnostic_swap.ts(306,52): error TS2339: Property 'currentBps' does not exist on type 'unknown'.
../../tests/13_diagnostic_swap.ts(310,52): error TS2339: Property 'taxRateBps' does not exist on type 'unknown'.
../../tests/13_diagnostic_swap.ts(311,50): error TS2339: Property 'swapCount' does not exist on type 'unknown'.
../../tests/13_diagnostic_swap.ts(327,25): error TS2339: Property 'oldMint' does not exist on type 'unknown'.
../../tests/13_diagnostic_swap.ts(328,25): error TS2339: Property 'newMint' does not exist on type 'unknown'.
../../tests/13_diagnostic_swap.ts(329,25): error TS2339: Property 'treasury' does not exist on type 'unknown'.
../../tests/13_diagnostic_swap.ts(330,25): error TS2339: Property 'paused' does not exist on type 'unknown'.
../../tests/13_diagnostic_swap.ts(377,51): error TS2339: Property 'tier' does not exist on type 'unknown'.
../../tests/13_diagnostic_swap.ts(378,50): error TS2339: Property 'bonusBps' does not exist on type 'unknown'.
../../tests/13_diagnostic_swap.ts(379,54): error TS2339: Property 'claimed' does not exist on type 'unknown'.
../../tests/defai_estate.ts(80,9): error TS2353: Object literal may only specify known properties, and 'rwaCollection' does not exist in type 'Partial<{ systemProgram: Address; globalCounter: Address; owner: Address; estate: Address; estateMint: Address; userStakeInfo: Address; defaiCoreProgram: Address; }>'.
../../tests/defai_estate.ts(172,8): error TS2339: Property 'createRwa' does not exist on type 'MethodsNamespace<DefaiEstate>'.
../../tests/defai_estate.ts(204,24): error TS2345: Argument of type '[number[]]' is not assignable to parameter of type 'ArgsTuple<[], any>'.
  Type '[number[]]' is not assignable to type '[]'.
    Source has 1 element(s) but target allows only 0.
../../tests/defai_staking.ts(115,28): error TS2345: Argument of type '[PublicKey, PublicKey]' is not assignable to parameter of type 'ArgsTuple<[{ name: "defaiMint"; type: "publicKey"; }], DecodedHelper<{}, EmptyDefined>>'.
  Type '[PublicKey, PublicKey]' is not assignable to type '[PublicKey]'.
    Source has 2 element(s) but target allows only 1.
../../tests/defai_staking.ts(133,26): error TS2339: Property 'treasuryWallet' does not exist on type 'DecodeStruct<{ kind: "struct"; fields: [{ name: "authority"; type: "publicKey"; }, { name: "defaiMint"; type: "publicKey"; }, { name: "totalStaked"; type: "u64"; }, { name: "totalUsers"; type: "u64"; }, { name: "paused"; type: "bool"; }, { ...; }, { ...; }]; }, DecodedHelper<...>>'.
../../tests/defai_staking.ts(137,26): error TS2339: Property 'tiers' does not exist on type 'DecodeStruct<{ kind: "struct"; fields: [{ name: "authority"; type: "publicKey"; }, { name: "defaiMint"; type: "publicKey"; }, { name: "totalStaked"; type: "u64"; }, { name: "totalUsers"; type: "u64"; }, { name: "paused"; type: "bool"; }, { ...; }, { ...; }]; }, DecodedHelper<...>>'.
../../tests/defai_staking.ts(166,26): error TS2339: Property 'bonusReceived' does not exist on type 'DecodeStruct<{ kind: "struct"; fields: [{ name: "owner"; type: "publicKey"; }, { name: "stakedAmount"; type: "u64"; }, { name: "rewardsEarned"; type: "u64"; }, { name: "rewardsClaimed"; type: "u64"; }, { name: "tier"; type: "u8"; }, { ...; }, { ...; }, { ...; }]; }, DecodedHelper<...>>'.
../../tests/defai_staking.ts(249,26): error TS2339: Property 'bonusReceived' does not exist on type 'DecodeStruct<{ kind: "struct"; fields: [{ name: "owner"; type: "publicKey"; }, { name: "stakedAmount"; type: "u64"; }, { name: "rewardsEarned"; type: "u64"; }, { name: "rewardsClaimed"; type: "u64"; }, { name: "tier"; type: "u8"; }, { ...; }, { ...; }, { ...; }]; }, DecodedHelper<...>>'.
../../tests/defai_staking.ts(346,27): error TS2339: Property 'tiers' does not exist on type 'DecodeStruct<{ kind: "struct"; fields: [{ name: "authority"; type: "publicKey"; }, { name: "defaiMint"; type: "publicKey"; }, { name: "totalStaked"; type: "u64"; }, { name: "totalUsers"; type: "u64"; }, { name: "paused"; type: "bool"; }, { ...; }, { ...; }]; }, DecodedHelper<...>>'.
../../tests/diagnostic_swap.ts(297,41): error TS2339: Property 'admin' does not exist on type 'unknown'.
../../tests/diagnostic_swap.ts(298,44): error TS2339: Property 'oldMint' does not exist on type 'unknown'.
../../tests/diagnostic_swap.ts(299,44): error TS2339: Property 'newMint' does not exist on type 'unknown'.
../../tests/diagnostic_swap.ts(300,44): error TS2339: Property 'treasury' does not exist on type 'unknown'.
../../tests/diagnostic_swap.ts(301,42): error TS2339: Property 'paused' does not exist on type 'unknown'.
../../tests/diagnostic_swap.ts(302,42): error TS2339: Property 'prices' does not exist on type 'unknown'.
../../tests/diagnostic_swap.ts(306,52): error TS2339: Property 'currentBps' does not exist on type 'unknown'.
../../tests/diagnostic_swap.ts(310,52): error TS2339: Property 'taxRateBps' does not exist on type 'unknown'.
../../tests/diagnostic_swap.ts(311,50): error TS2339: Property 'swapCount' does not exist on type 'unknown'.
../../tests/diagnostic_swap.ts(327,25): error TS2339: Property 'oldMint' does not exist on type 'unknown'.
../../tests/diagnostic_swap.ts(328,25): error TS2339: Property 'newMint' does not exist on type 'unknown'.
../../tests/diagnostic_swap.ts(329,25): error TS2339: Property 'treasury' does not exist on type 'unknown'.
../../tests/diagnostic_swap.ts(330,25): error TS2339: Property 'paused' does not exist on type 'unknown'.
../../tests/diagnostic_swap.ts(377,51): error TS2339: Property 'tier' does not exist on type 'unknown'.
../../tests/diagnostic_swap.ts(378,50): error TS2339: Property 'bonusBps' does not exist on type 'unknown'.
../../tests/diagnostic_swap.ts(379,54): error TS2339: Property 'claimed' does not exist on type 'unknown'.
../../tests/localnet_diagnostic.ts(3,27): error TS2307: Cannot find module '../target/types/defai_swap' or its corresponding type declarations.
../../tests/localnet_diagnostic.ts(264,23): error TS2345: Argument of type 'number' is not assignable to parameter of type 'string'.
../../tests/test_v6_pnft.ts(3,27): error TS2307: Cannot find module '../target/types/defai_swap' or its corresponding type declarations.
npm error Lifecycle script `build` failed with error:
npm error code 2
npm error path /Users/futjr/metaplex-nft-guide/packages/validator
npm error workspace @defai/widget-validator@1.0.0
npm error location /Users/futjr/metaplex-nft-guide/packages/validator
npm error command failed
npm error command sh -c tsc
